[27-Dec-2020 22:48:00 UTC] WHAT IS GOING ON
[27-Dec-2020 22:48:00 UTC] PHP Fatal error:  Call to undefined method Database::exec() in /var/www/html/helpers/authhelper.php on line 79
[27-Dec-2020 22:48:00 UTC] Fatal error: Call to undefined method Database::exec()
[27-Dec-2020 22:55:19 UTC] WHAT IS GOING ON
[27-Dec-2020 23:12:12 UTC] PDOStatement: Unknown column 'PHPSess_Cookie' in 'field list'
[27-Dec-2020 23:12:53 UTC] PDOStatement: Duplicate entry '14-5' for key 'PRIMARY'
[27-Dec-2020 23:31:10 UTC] HTTP 404 (GET /favicon.ico)
[27-Dec-2020 23:40:35 UTC] HTTP 404 (GET /favicon.ico)
[27-Dec-2020 23:59:57 UTC] 
[28-Dec-2020 00:00:05 UTC] 
[28-Dec-2020 00:00:15 UTC] 
[28-Dec-2020 00:00:31 UTC] 
[28-Dec-2020 00:12:29 UTC] PDOStatement: Table 'myDb.BlogPress_Cookie' doesn't exist
[28-Dec-2020 00:12:29 UTC] PHP Fatal error:  PDOStatement: Table 'myDb.BlogPress_Cookie' doesn't exist in /var/www/html/lib/db/sql.php on line 208
[28-Dec-2020 00:12:34 UTC] PDOStatement: Table 'myDb.BlogPress_Cookie' doesn't exist
[28-Dec-2020 00:12:34 UTC] PHP Fatal error:  PDOStatement: Table 'myDb.BlogPress_Cookie' doesn't exist in /var/www/html/lib/db/sql.php on line 208
[28-Dec-2020 00:14:50 UTC] PDOStatement: Table 'myDb.BlogPress_Cookie' doesn't exist
[28-Dec-2020 00:14:50 UTC] PHP Fatal error:  PDOStatement: Table 'myDb.BlogPress_Cookie' doesn't exist in /var/www/html/lib/db/sql.php on line 208
[28-Dec-2020 00:15:42 UTC] PDOStatement: Table 'myDb.BlogPress_Cookie' doesn't exist
[28-Dec-2020 00:15:42 UTC] PHP Fatal error:  PDOStatement: Table 'myDb.BlogPress_Cookie' doesn't exist in /var/www/html/lib/db/sql.php on line 208
[28-Dec-2020 00:18:52 UTC] Expire_date1611706697
[28-Dec-2020 00:18:56 UTC] Expire_date1611706697
[28-Dec-2020 00:18:56 UTC] Expire_date1611706736
[28-Dec-2020 00:19:48 UTC] Expire_date1611706736
[28-Dec-2020 00:19:50 UTC] Expire_date1611706736
[28-Dec-2020 00:20:31 UTC] HTTP 404 (GET /favicon.ico)
[28-Dec-2020 00:21:13 UTC] Expire_date1611706847
[28-Dec-2020 00:23:36 UTC] JtwAG2qECnarhksIZUj8PKiPSamSqowp3iG0q0x6r4utX/4nNuU2JSAf1yHVKr/BJVDFIgnF5nppZr1/sRGFHg==
[28-Dec-2020 00:23:36 UTC] Expire_date1611706847
[28-Dec-2020 00:23:41 UTC] JtwAG2qECnarhksIZUj8PKiPSamSqowp3iG0q0x6r4utX/4nNuU2JSAf1yHVKr/BJVDFIgnF5nppZr1/sRGFHg==
[28-Dec-2020 00:23:42 UTC] Expire_date1611706847
[28-Dec-2020 00:23:42 UTC] TuPo4/gCJI5YP22Jb76Cfyo6hbfX5XsELMDI0kOVsu7PrSN2b4BoRq+NbvCJguM1/opEkUM9mkfgAH5LPlMtVg==
[28-Dec-2020 00:23:42 UTC] Expire_date1611707022
[28-Dec-2020 00:24:12 UTC] TuPo4/gCJI5YP22Jb76Cfyo6hbfX5XsELMDI0kOVsu7PrSN2b4BoRq+NbvCJguM1/opEkUM9mkfgAH5LPlMtVg==
[28-Dec-2020 00:24:12 UTC] Expire_date1611707022
[28-Dec-2020 00:25:25 UTC] TuPo4/gCJI5YP22Jb76Cfyo6hbfX5XsELMDI0kOVsu7PrSN2b4BoRq+NbvCJguM1/opEkUM9mkfgAH5LPlMtVg==
[28-Dec-2020 00:25:25 UTC] Expire_date1611707022
[28-Dec-2020 00:25:28 UTC] TuPo4/gCJI5YP22Jb76Cfyo6hbfX5XsELMDI0kOVsu7PrSN2b4BoRq+NbvCJguM1/opEkUM9mkfgAH5LPlMtVg==
[28-Dec-2020 00:25:28 UTC] Expire_date1611707022
[28-Dec-2020 00:25:33 UTC] TuPo4/gCJI5YP22Jb76Cfyo6hbfX5XsELMDI0kOVsu7PrSN2b4BoRq+NbvCJguM1/opEkUM9mkfgAH5LPlMtVg==
[28-Dec-2020 00:25:33 UTC] Expire_date1611707022
[28-Dec-2020 00:25:33 UTC] session_destroy(): Trying to destroy uninitialized session
[28-Dec-2020 00:25:33 UTC] TuPo4/gCJI5YP22Jb76Cfyo6hbfX5XsELMDI0kOVsu7PrSN2b4BoRq+NbvCJguM1/opEkUM9mkfgAH5LPlMtVg==
[28-Dec-2020 00:25:33 UTC] Expire_date1611707022
[28-Dec-2020 00:25:33 UTC] PHP Warning:  Unknown: The session id is too long or contains illegal characters, valid characters are a-z, A-Z, 0-9 and '-,' in Unknown on line 0
[28-Dec-2020 00:25:33 UTC] PHP Warning:  Unknown: Failed to write session data (files). Please verify that the current setting of session.save_path is correct (/var/www/html/tmp) in Unknown on line 0
[28-Dec-2020 00:26:14 UTC] TuPo4/gCJI5YP22Jb76Cfyo6hbfX5XsELMDI0kOVsu7PrSN2b4BoRq+NbvCJguM1/opEkUM9mkfgAH5LPlMtVg==
[28-Dec-2020 00:26:14 UTC] Expire_date1611707022
[28-Dec-2020 00:26:23 UTC] TuPo4/gCJI5YP22Jb76Cfyo6hbfX5XsELMDI0kOVsu7PrSN2b4BoRq+NbvCJguM1/opEkUM9mkfgAH5LPlMtVg==
[28-Dec-2020 00:26:23 UTC] Expire_date1611707022
[28-Dec-2020 00:26:23 UTC] gI8YijZVEPECjLq1DZDCVJtsG4xCvPqY/WMfljgeVLpSqWmZyjcTBxiHJT5ALNQySg/8tSrjxb2v4b33x+wTTA==
[28-Dec-2020 00:26:23 UTC] Expire_date1611707183
[28-Dec-2020 00:27:07 UTC] gI8YijZVEPECjLq1DZDCVJtsG4xCvPqY/WMfljgeVLpSqWmZyjcTBxiHJT5ALNQySg/8tSrjxb2v4b33x+wTTA==
[28-Dec-2020 00:27:07 UTC] Expire_date1611707183
[28-Dec-2020 00:27:07 UTC] HELLO
[28-Dec-2020 00:27:15 UTC] gI8YijZVEPECjLq1DZDCVJtsG4xCvPqY/WMfljgeVLpSqWmZyjcTBxiHJT5ALNQySg/8tSrjxb2v4b33x+wTTA==
[28-Dec-2020 00:27:15 UTC] Expire_date1611707183
[28-Dec-2020 00:27:15 UTC] HELLO
[28-Dec-2020 00:27:15 UTC] 9EkE5IrAaK/mgCSguHcKji93QIHYu1TmZ0+IDk3+a+iwabFcoe225EID6FX2+CWFO/T+61A71pzguH6+Jm7lMA==
[28-Dec-2020 00:27:15 UTC] Expire_date1611707235
[28-Dec-2020 00:27:15 UTC] HELLO
[28-Dec-2020 00:27:45 UTC] 9EkE5IrAaK/mgCSguHcKji93QIHYu1TmZ0+IDk3+a+iwabFcoe225EID6FX2+CWFO/T+61A71pzguH6+Jm7lMA==
[28-Dec-2020 00:27:45 UTC] Expire_date1611707235
[28-Dec-2020 00:27:45 UTC] HELLO
[28-Dec-2020 00:35:29 UTC] PDOStatement::execute(): SQLSTATE[HY093]: Invalid parameter number: no parameters were bound
[28-Dec-2020 00:35:29 UTC] PHP Warning:  Unknown: open(/var/www/html/tmp/sess_c81e728d9d4c2f636f067f89cc14862c, O_RDWR) failed: Permission denied (13) in Unknown on line 0
[28-Dec-2020 00:35:29 UTC] PHP Warning:  Unknown: Failed to write session data (files). Please verify that the current setting of session.save_path is correct (/var/www/html/tmp) in Unknown on line 0
[28-Dec-2020 00:36:07 UTC] c81e728d9d4c2f636f067f89cc14862c
[28-Dec-2020 00:36:11 UTC] c81e728d9d4c2f636f067f89cc14862c
[28-Dec-2020 00:36:11 UTC] 3Zm8pXy5iVAZgiZ2lXWq7m5JIPnPVQSZL3hQpdm8zCNbHWiXSTvsfXMEdZvgrYB1RZ876nrTNMy5eF04y/tHHQ==
[28-Dec-2020 00:37:14 UTC] session_destroy(): Trying to destroy uninitialized session
[28-Dec-2020 00:37:14 UTC] PHP Warning:  Unknown: The session id is too long or contains illegal characters, valid characters are a-z, A-Z, 0-9 and '-,' in Unknown on line 0
[28-Dec-2020 00:37:14 UTC] PHP Warning:  Unknown: Failed to write session data (files). Please verify that the current setting of session.save_path is correct (/var/www/html/tmp) in Unknown on line 0
[28-Dec-2020 00:45:14 UTC] 
[28-Dec-2020 00:45:17 UTC] 
[28-Dec-2020 00:45:22 UTC] 
[28-Dec-2020 00:45:22 UTC] PHP Fatal error:  Call to a member function set() on null in /var/www/html/helpers/authhelper.php on line 112
[28-Dec-2020 00:45:22 UTC] Fatal error: Call to a member function set() on null
[28-Dec-2020 00:45:22 UTC] 
[28-Dec-2020 00:45:22 UTC] Unknown: The session id is too long or contains illegal characters, valid characters are a-z, A-Z, 0-9 and '-,'
[28-Dec-2020 00:47:36 UTC] 
[28-Dec-2020 00:52:29 UTC] USER ID
[28-Dec-2020 00:52:29 UTC] HTTP 404 (GET /favicon.ico)
[28-Dec-2020 00:52:51 UTC] USER ID
[28-Dec-2020 00:52:51 UTC] USER ID
[28-Dec-2020 00:53:06 UTC] USER ID
[28-Dec-2020 00:53:09 UTC] USER ID
[28-Dec-2020 00:54:14 UTC] PDOStatement::execute(): SQLSTATE[HY093]: Invalid parameter number: no parameters were bound
[28-Dec-2020 01:05:02 UTC] PDOStatement::execute(): SQLSTATE[HY093]: Invalid parameter number: no parameters were bound
[28-Dec-2020 01:05:11 UTC] PDOStatement::execute(): SQLSTATE[HY093]: Invalid parameter number: no parameters were bound
[28-Dec-2020 01:07:13 UTC] PDOStatement::execute(): SQLSTATE[HY093]: Invalid parameter number: no parameters were bound
[28-Dec-2020 01:08:40 UTC] 
[28-Dec-2020 01:08:46 UTC] 
[28-Dec-2020 01:21:32 UTC] 
[28-Dec-2020 01:21:35 UTC] 
[28-Dec-2020 01:21:35 UTC] PDOStatement::execute(): SQLSTATE[HY093]: Invalid parameter number: no parameters were bound
[28-Dec-2020 01:21:35 UTC] 14
[28-Dec-2020 01:21:39 UTC] 
[28-Dec-2020 01:21:39 UTC] PDOStatement::execute(): SQLSTATE[HY093]: Invalid parameter number: no parameters were bound
[28-Dec-2020 01:21:39 UTC] 
[28-Dec-2020 01:21:41 UTC] 
[28-Dec-2020 01:21:48 UTC] 
[28-Dec-2020 01:21:48 UTC] 
[28-Dec-2020 01:24:41 UTC] PDOStatement::execute(): SQLSTATE[HY093]: Invalid parameter number: no parameters were bound
[28-Dec-2020 01:24:50 UTC] session_destroy(): Trying to destroy uninitialized session
[28-Dec-2020 01:30:18 UTC] Missing argument 2 for Base::set(), called in /var/www/html/helpers/authhelper.php on line 166 and defined
[28-Dec-2020 01:30:18 UTC] PHP Warning:  file_put_contents(tmp/cache/1rhmuqyegwrps.AMyTvxx7mhKFUImaxdQlDZNZqV9sWU48ACEM4s+P3IZSIIRF7VOrwnBr5E3HKL/nwKsBmWhGbmPln1kdV4qyGw==.@): failed to open stream: No such file or directory in /var/www/html/lib/base.php on line 1842
[28-Dec-2020 01:31:53 UTC] sessionArray
[28-Dec-2020 01:31:53 UTC] PDOStatement: Table 'myDb.PHPSESSID_Cookie' doesn't exist
[28-Dec-2020 01:31:53 UTC] PHP Warning:  Unknown: The session id is too long or contains illegal characters, valid characters are a-z, A-Z, 0-9 and '-,' in Unknown on line 0
[28-Dec-2020 01:31:53 UTC] PHP Warning:  Unknown: Failed to write session data (files). Please verify that the current setting of session.save_path is correct (/var/www/html/tmp) in Unknown on line 0
[28-Dec-2020 01:32:13 UTC] sessionArray
[28-Dec-2020 01:32:13 UTC] sessionArray
[28-Dec-2020 01:33:27 UTC] session 2
[28-Dec-2020 01:37:22 UTC] session_destroy(): Trying to destroy uninitialized session
[28-Dec-2020 01:37:22 UTC] PHP Warning:  Unknown: The session id is too long or contains illegal characters, valid characters are a-z, A-Z, 0-9 and '-,' in Unknown on line 0
[28-Dec-2020 01:37:22 UTC] PHP Warning:  Unknown: Failed to write session data (files). Please verify that the current setting of session.save_path is correct (/var/www/html/tmp) in Unknown on line 0
